<?xml version="1.0" encoding="UTF-8"?>
<Site BuildName="Win32-MSBuild"
	BuildStamp="20230228-0823-Experimental"
	Name="HZW-YINHAIFA"
	Generator="ctest-3.23.2"
	CompilerName="C:/Program Files (x86)/Microsoft Visual Studio/2019/Community/VC/Tools/MSVC/14.29.30133/bin/Hostx86/x64/cl.exe"
	CompilerVersion="19.29.30146.0"
	OSName="Windows"
	Hostname="HZW-YINHAIFA"
	OSRelease=" Personal"
	OSVersion=" (Build 25300)"
	OSPlatform="AMD64"
	Is64Bits="1"
	VendorString="AuthenticAMD"
	VendorID="Advanced Micro Devices"
	FamilyID="15"
	ModelID="0"
	ProcessorCacheSize="64"
	NumberOfLogicalCPU="16"
	NumberOfPhysicalCPU="8"
	TotalVirtualMemory="21070"
	TotalPhysicalMemory="15182"
	LogicalProcessorsPerPhysical="2"
	ProcessorClockFrequency="1896"
	>
	<Testing>
		<StartDateTime>Feb 28 16:23 ä¸­å½æ åæ¶é´</StartDateTime>
		<StartTestTime>1677572587</StartTestTime>
		<TestList/>
		<EndDateTime>Feb 28 16:23 ä¸­å½æ åæ¶é´</EndDateTime>
		<EndTestTime>1677572587</EndTestTime>
		<ElapsedMinutes>0</ElapsedMinutes>
	</Testing>
</Site>
